{"message":"    {\"url\":\"/1\",\"params\":{},\"body\":{}}","level":"info"}
{"message":"    {\"url\":\"/users\",\"params\":{},\"body\":{}}","level":"info"}
{"message":"    {\"url\":\"/users/1\",\"params\":{},\"body\":{}}","level":"info"}
{"message":"    {\"url\":\"/users/1\",\"params\":{},\"body\":{}}","level":"info"}
{"message":"    {\"url\":\"/users/1\",\"params\":{},\"body\":{}}","level":"info"}
{"message":"    {\"url\":\"/users\",\"params\":{},\"body\":{}}","level":"info"}
{"message":"    {\"url\":\"/users\",\"params\":{},\"body\":{}}","level":"info"}
{"message":"    {\"url\":\"/users\",\"params\":{},\"body\":{}}","level":"info"}
{"message":"    {\"url\":\"/users/1\",\"params\":{},\"body\":{}}","level":"info"}
{"message":"    {\"url\":\"/users/1\",\"params\":{},\"body\":{}}","level":"info"}
{"message":"    {\"url\":\"/users/1\",\"params\":{},\"body\":{}}","level":"info"}
{"message":"    {\"url\":\"/users/1\",\"params\":{},\"body\":{}}","level":"info"}
{"message":"    {\"url\":\"/users/1\",\"params\":{},\"body\":{}}","level":"info"}
{"message":"    {\"url\":\"/users/1\",\"params\":{},\"body\":{}}","level":"info"}
{"message":"    {\"url\":\"/users?1\",\"params\":{},\"body\":{}}","level":"info"}
{"message":"    {\"url\":\"/users/000000?sex=female\",\"params\":{},\"body\":{}}","level":"info"}
{"message":"    {\"url\":\"/users/000000?sex=female\",\"params\":{},\"body\":{}}","level":"info"}
{"message":"    {\"url\":\"/users/000000?sex=female\",\"params\":{},\"body\":{}}","level":"info"}
{"message":"    {\"url\":\"/users/000000?sex=female\",\"params\":{},\"query\":{\"sex\":\"female\"},\"body\":{}}","level":"info"}
{"message":"    {\"url\":\"/users/000000?sex=female\",\"params\":{},\"query\":{\"sex\":\"female\"},\"body\":{}}","level":"info"}
{"message":"    {\"url\":\"/users/1\",\"params\":{},\"query\":{},\"body\":{}}","level":"info"}
{"message":"    {\"url\":\"/users/1\",\"params\":{},\"query\":{},\"body\":{}}","level":"info"}
{"message":"    {\"url\":\"/users/\",\"params\":{},\"query\":{},\"body\":{}}","level":"info"}
{"message":"    {\"url\":\"/users/2\",\"params\":{},\"query\":{},\"body\":{}}","level":"info"}
{"message":"    {\"url\":\"/users/2\",\"params\":{},\"query\":{},\"body\":{}}","level":"info"}
{"message":"    {\"url\":\"/users/2\",\"params\":{},\"query\":{},\"body\":{}}","level":"info"}
{"message":"    {\"url\":\"/users/2\",\"params\":{},\"query\":{},\"body\":{}}","level":"info"}
{"message":"    {\"url\":\"/users/2\",\"params\":{},\"query\":{},\"body\":{}}","level":"info"}
{"message":"    {\"url\":\"/users\",\"params\":{},\"query\":{},\"body\":{\"name\":\"Zheniya\",\"login\":\"GGG\",\"password\":12345}}","level":"info"}
{"message":"    {\"url\":\"/users/1054e7fc-738f-4ad4-a776-404cb6e73706\",\"params\":{},\"query\":{},\"body\":{\"name\":\"Zheniya\",\"login\":\"GGG\",\"password\":12345}}","level":"info"}
{"message":"    {\"url\":\"/users/1054e7fc-738f-4ad4-a776-404cb6e73706\",\"params\":{},\"query\":{},\"body\":{}}","level":"info"}
{"message":"    {\"url\":\"/users/1054e7fc-738f-4ad4-a776-404cb6e73708\",\"params\":{},\"query\":{},\"body\":{}}","level":"info"}
{"message":"    {\"url\":\"/users/1054e7fc-738f-4ad4-a776-404cb6e73708\",\"params\":{},\"query\":{},\"body\":{}}","level":"info"}
{"message":"    {\"url\":\"/users/1054e7fc-738f-4ad4-a776-404cb6e73708\",\"params\":{},\"query\":{},\"body\":{}}","level":"info"}
{"message":"    {\"url\":\"/users/1054e7fc-738f-4ad4-a776-404cb6e73708\",\"params\":{},\"query\":{},\"body\":{}}","level":"info"}
{"message":"    {\"url\":\"/users/1054e7fc-738f-4ad4-a776-404cb6e73708\",\"params\":{},\"query\":{},\"body\":{}}","level":"info"}
{"message":"    {\"url\":\"/users/1054e7fc-738f-4ad4-a776-404cb6e73708\",\"params\":{},\"query\":{},\"body\":{}}","level":"info"}
{"message":"    {\"url\":\"/users/1054e7fc-738f-4ad4-a776-404cb6e73708\",\"params\":{},\"query\":{},\"body\":{}}","level":"info"}
{"message":"    {\"url\":\"/users/1054e7fc-738f-4ad4-a776-404cb6e73708\",\"params\":{},\"query\":{},\"body\":{}}","level":"info"}
{"message":"    {\"url\":\"/users/1054e7fc-738f-4ad4-a776-404cb6e73708\",\"params\":{},\"query\":{},\"body\":{}}","level":"info"}
{"message":"    {\"url\":\"/users/1054e7fc-738f-4ad4-a776-404cb6e73708\",\"params\":{},\"query\":{},\"body\":{}}","level":"info"}
{"message":"    {\"url\":\"/users/1054e7fc-738f-4ad4-a776-404cb6e73708\",\"params\":{},\"query\":{},\"body\":{}}","level":"info"}
{"message":"    {\"url\":\"/users/000000?sex=female\",\"params\":{},\"query\":{\"sex\":\"female\"},\"body\":{}}","level":"info"}
{"message":"    {\"url\":\"/users/000000?sex=female\",\"params\":{},\"query\":{\"sex\":\"female\"},\"body\":{}}","level":"info"}
{"message":"    {\"url\":\"/users/000000?sex=female\",\"params\":{},\"query\":{\"sex\":\"female\"},\"body\":{}}","level":"info"}
{"message":"    {\"url\":\"/users/000000?sex=female\",\"params\":{},\"query\":{\"sex\":\"female\"},\"body\":{}}","level":"info"}
{"message":"    {\"url\":\"/users/000000?sex=female\",\"params\":{},\"query\":{\"sex\":\"female\"},\"body\":{}}","level":"info"}
{"message":"    {\"url\":\"/users/000000?sex=female\",\"params\":{},\"query\":{\"sex\":\"female\"},\"body\":{}}","level":"info"}
{"message":"    {\"url\":\"/users/000000?sex=female\",\"params\":{},\"query\":{\"sex\":\"female\"},\"body\":{}}","level":"info"}
{"message":"    {\"url\":\"/users/000000?sex=female\",\"params\":{},\"query\":{\"sex\":\"female\"},\"body\":{}}","level":"info"}
{"message":"    {\"url\":\"/users/000000?sex=female\",\"params\":{},\"query\":{\"sex\":\"female\"},\"body\":{}}","level":"info"}
{"message":"    {\"url\":\"/users/000000?sex=female\",\"params\":{},\"query\":{\"sex\":\"female\"},\"body\":{}}","level":"info"}
{"message":"    {\"url\":\"/users/000000?sex=female\",\"params\":{},\"query\":{\"sex\":\"female\"},\"body\":{}}","level":"info"}
{"message":"    {\"url\":\"/users/000000?sex=female\",\"params\":{},\"query\":{\"sex\":\"female\"},\"body\":{}}","level":"info"}
{"message":"    {\"url\":\"/users/000000?sex=female\",\"params\":{},\"query\":{\"sex\":\"female\"},\"body\":{}}","level":"info"}
{"message":"    {\"url\":\"/users/000000?sex=female\",\"params\":{},\"query\":{\"sex\":\"female\"},\"body\":{}}","level":"info"}
{"message":"    {\"url\":\"/users/000000?sex=female\",\"params\":{},\"query\":{\"sex\":\"female\"},\"body\":{}}","level":"info"}
{"message":"    {\"url\":\"/users/000000?sex=female\",\"params\":{},\"query\":{\"sex\":\"female\"},\"body\":{}}","level":"info"}
{"message":"    {\"method\":\"GET\",\"url\":\"/users/000000?sex=female\",\"statusCode\":404,\"params\":{},\"query\":{\"sex\":\"female\"},\"body\":{}}","level":"info"}
{"message":"    {\"method\":\"GET\",\"url\":\"/users/000000?sex=female\",\"statusCode\":404,\"params\":{},\"query\":{\"sex\":\"female\"},\"body\":{},\"ms\":\"[5ms]\"}","level":"info"}
{"message":"    {\"method\":\"GET\",\"url\":\"/users/1054e7fc-738f-4ad4-a776-404cb6e73706\",\"statusCode\":404,\"params\":{},\"query\":{},\"body\":{},\"ms\":\"[4ms]\"}","level":"info"}
{"message":"    {\"method\":\"POST\",\"url\":\"/users\",\"statusCode\":201,\"params\":{},\"query\":{},\"body\":{\"name\":\"Zheniya\",\"login\":\"GGG\",\"password\":12345},\"ms\":\"[1ms]\"}","level":"info"}
{"message":"    {\"method\":\"GET\",\"url\":\"/users/6c5196de-1d34-4aaa-97d9-45a6810f99f0\",\"statusCode\":200,\"params\":{},\"query\":{},\"body\":{\"name\":\"Zheniya\",\"login\":\"GGG\",\"password\":12345},\"ms\":\"[0ms]\"}","level":"info"}
{"message":"    {\"method\":\"GET\",\"url\":\"/users/6c5196de-1d34-4aaa-97d9-45a6810f99f0\",\"statusCode\":200,\"params\":{},\"query\":{},\"body\":{},\"ms\":\"[1ms]\"}","level":"info"}
